<?xml version="1.0" ?>
<testsuite name="info.classmethod.testing.HogeTest" tests="4" errors="1" failures="1" time="0.003">
  <testcase classname="info.classmethod.testing.HogeTest" name="testCase01" time="0.001" />
  <testcase classname="info.classmethod.testing.HogeTest" name="testCase02" time="0.001" />
  <testcase classname="info.classmethod.testing.HogeTest" name="testCase03" time="0.001" />
  <testcase classname="info.classmethod.testing.HogeTest" name="testCase04" time="0.000">
    <skipped/>
  </testcase>
  <system-out><![CDATA[sdtout!]]></system-out>
  <system-err><![CDATA[stderr!]]></system-err>
</testsuite>